{
  "stats": {
    "suites": 2,
    "tests": 7,
    "passes": 7,
    "pending": 0,
    "failures": 0,
    "start": "2018-05-22T12:11:01.355Z",
    "end": "2018-05-22T12:11:03.318Z",
    "duration": 1963,
    "testsRegistered": 7,
    "passPercent": 100,
    "pendingPercent": 0,
    "other": 0,
    "hasOther": false,
    "skipped": 0,
    "hasSkipped": false,
    "passPercentClass": "success",
    "pendingPercentClass": "danger"
  },
  "suites": {
    "uuid": "e8aeedc3-489c-49cd-b71c-b82e4aaf299c",
    "title": "",
    "fullFile": "",
    "file": "",
    "beforeHooks": [],
    "afterHooks": [],
    "tests": [
      {
        "title": "should add a golfer",
        "fullTitle": "should add a golfer",
        "timedOut": false,
        "duration": 1386,
        "state": "passed",
        "speed": "slow",
        "pass": true,
        "fail": false,
        "pending": false,
        "code": "// post to /api/golfer\n(0, _supertest2.default)(_index.app).post('/api/golfers').set('Authorization', 'BERARER  eyJhbGciOiJIUzI1NiJ9.YWFyb24.-pgBvhdfk3GlGbP15RNa7wTQwO9dg5dQY218OYmCEmw').send({ firstName: 'Tiger', lastName: 'Woods', handicap: '0.0', origin: 'USA',\n  sponsor: 'Nike', homeTour: 'PGA Tour' }).expect('Content-type', /json/).expect(201).end(function (err, res) {\n  res.status.should.equal(201);\n  res.body.should.have.property('_id');\n  res.body.firstName.should.equal('Tiger');\n  done();\n});",
        "err": {},
        "isRoot": true,
        "uuid": "9e073229-82d0-4bd2-b995-60387ee0a2de",
        "isHook": false,
        "skipped": false
      },
      {
        "title": "should update a golfer",
        "fullTitle": "should update a golfer",
        "timedOut": false,
        "duration": 30,
        "state": "passed",
        "speed": "fast",
        "pass": true,
        "fail": false,
        "pending": false,
        "code": "var superserver = (0, _supertest2.default)(_index.app);\nsuperserver.get('/api/golfers').set('Authorization', 'BERARER  eyJhbGciOiJIUzI1NiJ9.YWFyb24.-pgBvhdfk3GlGbP15RNa7wTQwO9dg5dQY218OYmCEmw').expect('Content-type', /json/).expect(200).end(function (err, res) {\n  var id = res.body[0]._id;\n  superserver.put('/api/golfers/' + id).send({ sponsor: 'cobra' }).expect('Content-type', /json/).expect(200).end(function (err, res) {\n    res.status.should.equal(200);\n    res.body.sponsor.should.equal('cobra');\n    done();\n  });\n});",
        "err": {},
        "isRoot": true,
        "uuid": "0cbc0c2d-c9b5-44f4-8ec8-7b5d9d66c647",
        "isHook": false,
        "skipped": false
      },
      {
        "title": "should delete golfer",
        "fullTitle": "should delete golfer",
        "timedOut": false,
        "duration": 10,
        "state": "passed",
        "speed": "fast",
        "pass": true,
        "fail": false,
        "pending": false,
        "code": "var superserver = (0, _supertest2.default)(_index.app);\nsuperserver.get('/api/golfers').set('Authorization', 'BERARER  eyJhbGciOiJIUzI1NiJ9.YWFyb24.-pgBvhdfk3GlGbP15RNa7wTQwO9dg5dQY218OYmCEmw').expect('Content-type', /json/).expect(200).end(function (err, res) {\n  var id = res.body[0]._id;\n  superserver.delete('/api/golfers/' + id).expect('Content-type', /json/).expect(200) // This is HTTP response\n  .end(function (err, res) {\n    res.status.should.equal(204);\n    done();\n  });\n});",
        "err": {},
        "isRoot": true,
        "uuid": "511d36ae-025e-4285-b7cd-83e7dd33804b",
        "isHook": false,
        "skipped": false
      }
    ],
    "suites": [
      {
        "uuid": "fa1f1826-df80-4f6d-a86d-6f16617642ce",
        "title": "Golfers API unit test",
        "fullFile": "/Users/eoinomahony/Desktop/node-project/test/testGolferAPI.js",
        "file": "/test/testGolferAPI.js",
        "beforeHooks": [],
        "afterHooks": [],
        "tests": [
          {
            "title": "should return collection of JSON documents",
            "fullTitle": "Golfers API unit test should return collection of JSON documents",
            "timedOut": false,
            "duration": 4,
            "state": "passed",
            "speed": "fast",
            "pass": true,
            "fail": false,
            "pending": false,
            "code": "(0, _supertest2.default)(_index.app).get('/api/golfers').expect('Content-type', /json/).expect(200).end(function (err, res) {\n  res.status.should.equal(200);\n  done();\n});",
            "err": {},
            "isRoot": false,
            "uuid": "55a53ef6-5f89-4b8b-b302-bb7d92f0a11c",
            "isHook": false,
            "skipped": false
          }
        ],
        "suites": [],
        "passes": [
          "55a53ef6-5f89-4b8b-b302-bb7d92f0a11c"
        ],
        "failures": [],
        "pending": [],
        "skipped": [],
        "duration": 4,
        "root": false,
        "rootEmpty": false,
        "_timeout": 120000
      },
      {
        "uuid": "6b8032ad-1593-4c99-814e-74b52e4704eb",
        "title": "Users API unit test",
        "fullFile": "/Users/eoinomahony/Desktop/node-project/test/testUsersAPI .js",
        "file": "/test/testUsersAPI .js",
        "beforeHooks": [],
        "afterHooks": [],
        "tests": [
          {
            "title": "should return a collection of JSON documents",
            "fullTitle": "Users API unit test should return a collection of JSON documents",
            "timedOut": false,
            "duration": 7,
            "state": "passed",
            "speed": "fast",
            "pass": true,
            "fail": false,
            "pending": false,
            "code": "(0, _supertest2.default)(_index.app).get('/api/users').expect('Content-type', /json/).expect(200).end(function (err, res) {\n      res.status.should.equal(200);\n      done();\n    });",
            "err": {},
            "isRoot": false,
            "uuid": "fbd39d29-1878-4769-8b37-4679970f16c9",
            "isHook": false,
            "skipped": false
          },
          {
            "title": "should register a user",
            "fullTitle": "Users API unit test should register a user",
            "timedOut": false,
            "duration": 234,
            "state": "passed",
            "speed": "slow",
            "pass": true,
            "fail": false,
            "pending": false,
            "code": "// post to /api/contacts\n(0, _supertest2.default)(_index.app).post('/api/users').query({ action: 'register' }).send({ username: 'JDaly', password: 'tester1' }).expect('Content-type', /json/).expect(201).end(function (err, res) {\n  res.status.should.equal(201);\n  res.body.success.should.equal(true);\n  done();\n});",
            "err": {},
            "isRoot": false,
            "uuid": "66d751d2-5de8-4f89-9472-ec746cbc2d54",
            "isHook": false,
            "skipped": false
          },
          {
            "title": "should authenticate a user",
            "fullTitle": "Users API unit test should authenticate a user",
            "timedOut": false,
            "duration": 250,
            "state": "passed",
            "speed": "slow",
            "pass": true,
            "fail": false,
            "pending": false,
            "code": "// post to /api/contacts\n(0, _supertest2.default)(_index.app).post('/api/users').send({ username: 'aaron', password: 'dylan' }).expect('Content-type', /json/).expect(201).end(function (err, res) {\n  res.status.should.equal(200);\n  res.body.token.substring(0, 3).should.equal('JWT');\n  done();\n});",
            "err": {},
            "isRoot": false,
            "uuid": "547ecaf1-6fe8-4303-98ca-1b6de15afbd0",
            "isHook": false,
            "skipped": false
          }
        ],
        "suites": [],
        "passes": [
          "fbd39d29-1878-4769-8b37-4679970f16c9",
          "66d751d2-5de8-4f89-9472-ec746cbc2d54",
          "547ecaf1-6fe8-4303-98ca-1b6de15afbd0"
        ],
        "failures": [],
        "pending": [],
        "skipped": [],
        "duration": 491,
        "root": false,
        "rootEmpty": false,
        "_timeout": 120000
      }
    ],
    "passes": [
      "9e073229-82d0-4bd2-b995-60387ee0a2de",
      "0cbc0c2d-c9b5-44f4-8ec8-7b5d9d66c647",
      "511d36ae-025e-4285-b7cd-83e7dd33804b"
    ],
    "failures": [],
    "pending": [],
    "skipped": [],
    "duration": 1426,
    "root": true,
    "rootEmpty": false,
    "_timeout": 2000
  },
  "copyrightYear": 2018
}