{
  "stats": {
    "suites": 2,
    "tests": 7,
    "passes": 7,
    "pending": 0,
    "failures": 0,
    "start": "2018-05-01T11:38:52.881Z",
    "end": "2018-05-01T11:38:54.569Z",
    "duration": 1688,
    "testsRegistered": 7,
    "passPercent": 100,
    "pendingPercent": 0,
    "other": 0,
    "hasOther": false,
    "skipped": 0,
    "hasSkipped": false,
    "passPercentClass": "success",
    "pendingPercentClass": "danger"
  },
  "suites": {
    "uuid": "d6244dae-575a-4af4-a232-50f0244260a7",
    "title": "",
    "fullFile": "",
    "file": "",
    "beforeHooks": [],
    "afterHooks": [],
    "tests": [
      {
        "title": "should add a golfer",
        "fullTitle": "should add a golfer",
        "timedOut": false,
        "duration": 1124,
        "state": "passed",
        "speed": "slow",
        "pass": true,
        "fail": false,
        "pending": false,
        "code": "// post to /api/golfer\n(0, _supertest2.default)(_index.app).post('/api/golfers').set('Authorization', 'BERARER  eyJhbGciOiJIUzI1NiJ9.YWFyb24.-pgBvhdfk3GlGbP15RNa7wTQwO9dg5dQY218OYmCEmw').send({ firstName: 'Tiger', lastName: 'Woods', handicap: '0.0', origin: 'USA',\n  sponsor: 'Nike', homeTour: 'PGA Tour' }).expect('Content-type', /json/).expect(201).end(function (err, res) {\n  res.status.should.equal(201);\n  res.body.should.have.property('_id');\n  res.body.firstName.should.equal('Tiger');\n  done();\n});",
        "err": {},
        "isRoot": true,
        "uuid": "b18fe694-73f0-40ac-a50a-75cc75d428ed",
        "isHook": false,
        "skipped": false
      },
      {
        "title": "should update a golfer",
        "fullTitle": "should update a golfer",
        "timedOut": false,
        "duration": 27,
        "state": "passed",
        "speed": "fast",
        "pass": true,
        "fail": false,
        "pending": false,
        "code": "var superserver = (0, _supertest2.default)(_index.app);\nsuperserver.get('/api/golfers').set('Authorization', 'BERARER  eyJhbGciOiJIUzI1NiJ9.YWFyb24.-pgBvhdfk3GlGbP15RNa7wTQwO9dg5dQY218OYmCEmw').expect('Content-type', /json/).expect(200).end(function (err, res) {\n  var id = res.body[0]._id;\n  superserver.put('/api/golfers/' + id).send({ sponsor: 'cobra' }).expect('Content-type', /json/).expect(200).end(function (err, res) {\n    res.status.should.equal(200);\n    res.body.sponsor.should.equal('cobra');\n    done();\n  });\n});",
        "err": {},
        "isRoot": true,
        "uuid": "44fc4507-bfec-4f4a-85cd-7b9ce35ce179",
        "isHook": false,
        "skipped": false
      },
      {
        "title": "should delete golfer",
        "fullTitle": "should delete golfer",
        "timedOut": false,
        "duration": 10,
        "state": "passed",
        "speed": "fast",
        "pass": true,
        "fail": false,
        "pending": false,
        "code": "var superserver = (0, _supertest2.default)(_index.app);\nsuperserver.get('/api/golfers').set('Authorization', 'BERARER  eyJhbGciOiJIUzI1NiJ9.YWFyb24.-pgBvhdfk3GlGbP15RNa7wTQwO9dg5dQY218OYmCEmw').expect('Content-type', /json/).expect(200).end(function (err, res) {\n  var id = res.body[0]._id;\n  superserver.delete('/api/golfers/' + id).expect('Content-type', /json/).expect(200) // This is HTTP response\n  .end(function (err, res) {\n    res.status.should.equal(204);\n    done();\n  });\n});",
        "err": {},
        "isRoot": true,
        "uuid": "57e1beca-c640-441a-aa8a-b213f7f4853f",
        "isHook": false,
        "skipped": false
      }
    ],
    "suites": [
      {
        "uuid": "17af1c9a-3e54-44aa-87b1-3e6681f6a3d6",
        "title": "Golfers API unit test",
        "fullFile": "/Users/eoinomahony/Desktop/node-project/test/testGolferAPI.js",
        "file": "/test/testGolferAPI.js",
        "beforeHooks": [],
        "afterHooks": [],
        "tests": [
          {
            "title": "should return collection of JSON documents",
            "fullTitle": "Golfers API unit test should return collection of JSON documents",
            "timedOut": false,
            "duration": 4,
            "state": "passed",
            "speed": "fast",
            "pass": true,
            "fail": false,
            "pending": false,
            "code": "(0, _supertest2.default)(_index.app).get('/api/golfers').expect('Content-type', /json/).expect(200).end(function (err, res) {\n  res.status.should.equal(200);\n  done();\n});",
            "err": {},
            "isRoot": false,
            "uuid": "2c2e147b-3aee-410e-bbe3-9398c16fa022",
            "isHook": false,
            "skipped": false
          }
        ],
        "suites": [],
        "passes": [
          "2c2e147b-3aee-410e-bbe3-9398c16fa022"
        ],
        "failures": [],
        "pending": [],
        "skipped": [],
        "duration": 4,
        "root": false,
        "rootEmpty": false,
        "_timeout": 120000
      },
      {
        "uuid": "8fde4368-c24c-444d-89b5-b95caca321cf",
        "title": "Users API unit test",
        "fullFile": "/Users/eoinomahony/Desktop/node-project/test/testUsersAPI .js",
        "file": "/test/testUsersAPI .js",
        "beforeHooks": [],
        "afterHooks": [],
        "tests": [
          {
            "title": "should return a collection of JSON documents",
            "fullTitle": "Users API unit test should return a collection of JSON documents",
            "timedOut": false,
            "duration": 9,
            "state": "passed",
            "speed": "fast",
            "pass": true,
            "fail": false,
            "pending": false,
            "code": "(0, _supertest2.default)(_index.app).get('/api/users').expect('Content-type', /json/).expect(200).end(function (err, res) {\n      res.status.should.equal(200);\n      done();\n    });",
            "err": {},
            "isRoot": false,
            "uuid": "431ddb05-3fa6-4fad-9b8b-14e75ce6b5aa",
            "isHook": false,
            "skipped": false
          },
          {
            "title": "should register a user",
            "fullTitle": "Users API unit test should register a user",
            "timedOut": false,
            "duration": 243,
            "state": "passed",
            "speed": "slow",
            "pass": true,
            "fail": false,
            "pending": false,
            "code": "// post to /api/contacts\n(0, _supertest2.default)(_index.app).post('/api/users').query({ action: 'register' }).send({ username: 'JDaly', password: 'tester1' }).expect('Content-type', /json/).expect(201).end(function (err, res) {\n  res.status.should.equal(201);\n  res.body.success.should.equal(true);\n  done();\n});",
            "err": {},
            "isRoot": false,
            "uuid": "acefadd8-3893-4754-9da1-006fc26592fc",
            "isHook": false,
            "skipped": false
          },
          {
            "title": "should authenticate a user",
            "fullTitle": "Users API unit test should authenticate a user",
            "timedOut": false,
            "duration": 238,
            "state": "passed",
            "speed": "slow",
            "pass": true,
            "fail": false,
            "pending": false,
            "code": "// post to /api/contacts\n(0, _supertest2.default)(_index.app).post('/api/users').send({ username: 'aaron', password: 'dylan' }).expect('Content-type', /json/).expect(201).end(function (err, res) {\n  res.status.should.equal(200);\n  res.body.token.substring(0, 3).should.equal('JWT');\n  done();\n});",
            "err": {},
            "isRoot": false,
            "uuid": "50c9b050-529e-4a0a-987d-75b1ff97ac14",
            "isHook": false,
            "skipped": false
          }
        ],
        "suites": [],
        "passes": [
          "431ddb05-3fa6-4fad-9b8b-14e75ce6b5aa",
          "acefadd8-3893-4754-9da1-006fc26592fc",
          "50c9b050-529e-4a0a-987d-75b1ff97ac14"
        ],
        "failures": [],
        "pending": [],
        "skipped": [],
        "duration": 490,
        "root": false,
        "rootEmpty": false,
        "_timeout": 120000
      }
    ],
    "passes": [
      "b18fe694-73f0-40ac-a50a-75cc75d428ed",
      "44fc4507-bfec-4f4a-85cd-7b9ce35ce179",
      "57e1beca-c640-441a-aa8a-b213f7f4853f"
    ],
    "failures": [],
    "pending": [],
    "skipped": [],
    "duration": 1161,
    "root": true,
    "rootEmpty": false,
    "_timeout": 2000
  },
  "copyrightYear": 2018
}